<?xml version="1.0" encoding="UTF-8"?>
<!-- Generated by org.testng.reporters.JUnitXMLReporter -->
<testsuite ignored="4" hostname="IN-PG02H7X8" failures="2" tests="2" name="Group Test" time="0.214" errors="0" timestamp="2023-04-30T10:57:22 IST">
  <testcase classname="com.magento.test.GearTest" name="BagButtonTest" time="0.096">
    <failure type="java.lang.NullPointerException" message="Cannot invoke &amp;quot;org.openqa.selenium.SearchContext.findElement(org.openqa.selenium.By)&amp;quot; because &amp;quot;this.searchContext&amp;quot; is null">
      <![CDATA[java.lang.NullPointerException: Cannot invoke "org.openqa.selenium.SearchContext.findElement(org.openqa.selenium.By)" because "this.searchContext" is null
at org.openqa.selenium.support.pagefactory.DefaultElementLocator.findElement(DefaultElementLocator.java:70)
at org.openqa.selenium.support.pagefactory.internal.LocatingElementHandler.invoke(LocatingElementHandler.java:39)
at jdk.proxy2/jdk.proxy2.$Proxy14.click(Unknown Source)
at com.magento.pages.GearPage.clickOnGear(GearPage.java:28)
at com.magento.test.GearTest.BagButtonTest(GearTest.java:28)
at java.base/java.util.ArrayList.forEach(ArrayList.java:1511)
... Removed 27 stack frames]]>
    </failure>
  </testcase> <!-- BagButtonTest -->
  <testcase classname="com.magento.test.GearTest" name="BagButtonTest" time="0.179">
    <failure type="java.lang.NullPointerException" message="Cannot invoke &amp;quot;org.openqa.selenium.TakesScreenshot.getScreenshotAs(org.openqa.selenium.OutputType)&amp;quot; because &amp;quot;driver&amp;quot; is null">
      <![CDATA[java.lang.NullPointerException: Cannot invoke "org.openqa.selenium.TakesScreenshot.getScreenshotAs(org.openqa.selenium.OutputType)" because "driver" is null
at com.magento.extentreport.ScreenShot.takeScreenshot(ScreenShot.java:17)
at com.magento.extentreport.Listeners.onTestFailure(Listeners.java:43)
at java.base/java.util.ArrayList.forEach(ArrayList.java:1511)
... Removed 24 stack frames]]>
    </failure>
  </testcase> <!-- BagButtonTest -->
  <testcase classname="com.magento.test.SaleTest" name="BagsLinkTest" time="0.0">
    <ignored/>
  </testcase> <!-- BagsLinkTest -->
  <testcase classname="com.magento.test.GearTest" name="WatchesButtonTest" time="0.0">
    <ignored/>
  </testcase> <!-- WatchesButtonTest -->
  <testcase classname="com.magento.test.GearTest" name="FitnessEquipmentButtonTest" time="0.0">
    <ignored/>
  </testcase> <!-- FitnessEquipmentButtonTest -->
  <testcase classname="com.magento.test.SearchTest" name="invalidSearchTest" time="0.0">
    <ignored/>
  </testcase> <!-- invalidSearchTest -->
</testsuite> <!-- Group Test -->
