<html>
<head>
<title>TestNG:  Test Sequential</title>
<link href="../testng.css" rel="stylesheet" type="text/css" />
<link href="../my-testng.css" rel="stylesheet" type="text/css" />

<style type="text/css">
.log { display: none;} 
.stack-trace { display: none;} 
</style>
<script type="text/javascript">
<!--
function flip(e) {
  current = e.style.display;
  if (current == 'block') {
    e.style.display = 'none';
    return 0;
  }
  else {
    e.style.display = 'block';
    return 1;
  }
}

function toggleBox(szDivId, elem, msg1, msg2)
{
  var res = -1;  if (document.getElementById) {
    res = flip(document.getElementById(szDivId));
  }
  else if (document.all) {
    // this is the way old msie versions work
    res = flip(document.all[szDivId]);
  }
  if(elem) {
    if(res == 0) elem.innerHTML = msg1; else elem.innerHTML = msg2;
  }

}

function toggleAllBoxes() {
  if (document.getElementsByTagName) {
    d = document.getElementsByTagName('div');
    for (i = 0; i < d.length; i++) {
      if (d[i].className == 'log') {
        flip(d[i]);
      }
    }
  }
}

// -->
</script>

</head>
<body>
<h2 align='center'>Test Sequential</h2><table border='1' align="center">
<tr>
<td>Tests passed/Failed/Skipped:</td><td>9/1/0</td>
</tr><tr>
<td>Started on:</td><td>Sun Apr 30 10:58:32 IST 2023</td>
</tr>
<tr><td>Total time:</td><td>173 seconds (173087 ms)</td>
</tr><tr>
<td>Included groups:</td><td></td>
</tr><tr>
<td>Excluded groups:</td><td></td>
</tr>
</table><p/>
<small><i>(Hover the method name to see the test class name)</i></small><p/>
<table width='100%' border='1' class='invocation-failed'>
<tr><td colspan='4' align='center'><b>FAILED TESTS</b></td></tr>
<tr><td><b>Test method</b></td>
<td width="30%"><b>Exception</b></td>
<td width="10%"><b>Time (seconds)</b></td>
<td><b>Instance</b></td>
</tr>
<tr>
<td title='com.magento.test.GearTest.WatchesButtonTest()'><b>WatchesButtonTest</b><br>Test class: com.magento.test.GearTest<br>Test method: Verify Watches Button on Gear Page</td>
<td><div><pre>org.openqa.selenium.ElementNotInteractableException: element not interactable
  (Session info: chrome=112.0.5615.138)
Build info: version: &apos;4.8.3&apos;, revision: &apos;e5e76298c3&apos;
System info: os.name: &apos;Windows 10&apos;, os.arch: &apos;amd64&apos;, os.version: &apos;10.0&apos;, java.version: &apos;17.0.1&apos;
Driver info: org.openqa.selenium.chrome.ChromeDriver
Command: [882bb63f46ee69a42c8be90010aafc73, clickElement {id=4045d4e3-a98a-4019-964a-de6df609371b}]
Capabilities {acceptInsecureCerts: false, browserName: chrome, browserVersion: 112.0.5615.138, chrome: {chromedriverVersion: 112.0.5615.49 (bd2a7bcb881c..., userDataDir: C:\Program Files (x86)\scop...}, goog:chromeOptions: {debuggerAddress: localhost:56592}, networkConnectionEnabled: false, pageLoadStrategy: normal, platformName: WINDOWS, proxy: Proxy(), se:cdp: ws://localhost:56592/devtoo..., se:cdpVersion: 112.0.5615.138, setWindowRect: true, strictFileInteractability: false, timeouts: {implicit: 0, pageLoad: 300000, script: 30000}, unhandledPromptBehavior: dismiss and notify, webauthn:extension:credBlob: true, webauthn:extension:largeBlob: true, webauthn:extension:minPinLength: true, webauthn:extension:prf: true, webauthn:virtualAuthenticators: true}
Element: [[ChromeDriver: chrome on WINDOWS (882bb63f46ee69a42c8be90010aafc73)] -&gt; xpath: //span[normalize-space()=&apos;Watches&apos;]]
Session ID: 882bb63f46ee69a42c8be90010aafc73
	at org.openqa.selenium.remote.codec.w3c.W3CHttpResponseCodec.createException(W3CHttpResponseCodec.java:200)
	at org.openqa.selenium.remote.codec.w3c.W3CHttpResponseCodec.decode(W3CHttpResponseCodec.java:133)
	at org.openqa.selenium.remote.codec.w3c.W3CHttpResponseCodec.decode(W3CHttpResponseCodec.java:53)
	at org.openqa.selenium.remote.HttpCommandExecutor.execute(HttpCommandExecutor.java:193)
	at org.openqa.selenium.remote.service.DriverCommandExecutor.invokeExecute(DriverCommandExecutor.java:183)
	at org.openqa.selenium.remote.service.DriverCommandExecutor.execute(DriverCommandExecutor.java:158)
	at org.openqa.selenium.remote.RemoteWebDriver.execute(RemoteWebDriver.java:543)
	at org.openqa.selenium.remote.RemoteWebElement.execute(RemoteWebElement.java:257)
	at org.openqa.selenium.remote.RemoteWebElement.click(RemoteWebElement.java:78)
	at com.magento.pages.GearPage.clickOnWatches(GearPage.java:51)
	at com.magento.test.GearTest.WatchesButtonTest(GearTest.java:57)
	at java.base/java.util.ArrayList.forEach(ArrayList.java:1511)
... Removed 32 stack frames</pre></div><a href='#' onClick='toggleBox("stack-trace780570776", this, "Click to show all stack frames", "Click to hide stack frames")'>Click to show all stack frames</a>
<div class='stack-trace' id='stack-trace780570776'><pre>org.openqa.selenium.ElementNotInteractableException: element not interactable
  (Session info: chrome=112.0.5615.138)
Build info: version: &apos;4.8.3&apos;, revision: &apos;e5e76298c3&apos;
System info: os.name: &apos;Windows 10&apos;, os.arch: &apos;amd64&apos;, os.version: &apos;10.0&apos;, java.version: &apos;17.0.1&apos;
Driver info: org.openqa.selenium.chrome.ChromeDriver
Command: [882bb63f46ee69a42c8be90010aafc73, clickElement {id=4045d4e3-a98a-4019-964a-de6df609371b}]
Capabilities {acceptInsecureCerts: false, browserName: chrome, browserVersion: 112.0.5615.138, chrome: {chromedriverVersion: 112.0.5615.49 (bd2a7bcb881c..., userDataDir: C:\Program Files (x86)\scop...}, goog:chromeOptions: {debuggerAddress: localhost:56592}, networkConnectionEnabled: false, pageLoadStrategy: normal, platformName: WINDOWS, proxy: Proxy(), se:cdp: ws://localhost:56592/devtoo..., se:cdpVersion: 112.0.5615.138, setWindowRect: true, strictFileInteractability: false, timeouts: {implicit: 0, pageLoad: 300000, script: 30000}, unhandledPromptBehavior: dismiss and notify, webauthn:extension:credBlob: true, webauthn:extension:largeBlob: true, webauthn:extension:minPinLength: true, webauthn:extension:prf: true, webauthn:virtualAuthenticators: true}
Element: [[ChromeDriver: chrome on WINDOWS (882bb63f46ee69a42c8be90010aafc73)] -&gt; xpath: //span[normalize-space()=&apos;Watches&apos;]]
Session ID: 882bb63f46ee69a42c8be90010aafc73
	at java.base/jdk.internal.reflect.NativeConstructorAccessorImpl.newInstance0(Native Method)
	at java.base/jdk.internal.reflect.NativeConstructorAccessorImpl.newInstance(NativeConstructorAccessorImpl.java:77)
	at java.base/jdk.internal.reflect.DelegatingConstructorAccessorImpl.newInstance(DelegatingConstructorAccessorImpl.java:45)
	at java.base/java.lang.reflect.Constructor.newInstanceWithCaller(Constructor.java:499)
	at java.base/java.lang.reflect.Constructor.newInstance(Constructor.java:480)
	at org.openqa.selenium.remote.codec.w3c.W3CHttpResponseCodec.createException(W3CHttpResponseCodec.java:200)
	at org.openqa.selenium.remote.codec.w3c.W3CHttpResponseCodec.decode(W3CHttpResponseCodec.java:133)
	at org.openqa.selenium.remote.codec.w3c.W3CHttpResponseCodec.decode(W3CHttpResponseCodec.java:53)
	at org.openqa.selenium.remote.HttpCommandExecutor.execute(HttpCommandExecutor.java:193)
	at org.openqa.selenium.remote.service.DriverCommandExecutor.invokeExecute(DriverCommandExecutor.java:183)
	at org.openqa.selenium.remote.service.DriverCommandExecutor.execute(DriverCommandExecutor.java:158)
	at org.openqa.selenium.remote.RemoteWebDriver.execute(RemoteWebDriver.java:543)
	at org.openqa.selenium.remote.RemoteWebElement.execute(RemoteWebElement.java:257)
	at org.openqa.selenium.remote.RemoteWebElement.click(RemoteWebElement.java:78)
	at com.magento.pages.GearPage.clickOnWatches(GearPage.java:51)
	at com.magento.test.GearTest.WatchesButtonTest(GearTest.java:57)
	at java.base/jdk.internal.reflect.NativeMethodAccessorImpl.invoke0(Native Method)
	at java.base/jdk.internal.reflect.NativeMethodAccessorImpl.invoke(NativeMethodAccessorImpl.java:77)
	at java.base/jdk.internal.reflect.DelegatingMethodAccessorImpl.invoke(DelegatingMethodAccessorImpl.java:43)
	at java.base/java.lang.reflect.Method.invoke(Method.java:568)
	at org.testng.internal.MethodInvocationHelper.invokeMethod(MethodInvocationHelper.java:133)
	at org.testng.internal.TestInvoker.invokeMethod(TestInvoker.java:598)
	at org.testng.internal.TestInvoker.invokeTestMethod(TestInvoker.java:173)
	at org.testng.internal.MethodRunner.runInSequence(MethodRunner.java:46)
	at org.testng.internal.TestInvoker$MethodInvocationAgent.invoke(TestInvoker.java:824)
	at org.testng.internal.TestInvoker.invokeTestMethods(TestInvoker.java:146)
	at org.testng.internal.TestMethodWorker.invokeTestMethods(TestMethodWorker.java:146)
	at org.testng.internal.TestMethodWorker.run(TestMethodWorker.java:128)
	at java.base/java.util.ArrayList.forEach(ArrayList.java:1511)
	at org.testng.TestRunner.privateRun(TestRunner.java:794)
	at org.testng.TestRunner.run(TestRunner.java:596)
	at org.testng.SuiteRunner.runTest(SuiteRunner.java:377)
	at org.testng.SuiteRunner.runSequentially(SuiteRunner.java:371)
	at org.testng.SuiteRunner.privateRun(SuiteRunner.java:332)
	at org.testng.SuiteRunner.run(SuiteRunner.java:276)
	at org.testng.SuiteRunnerWorker.runSuite(SuiteRunnerWorker.java:53)
	at org.testng.SuiteRunnerWorker.run(SuiteRunnerWorker.java:96)
	at org.testng.TestNG.runSuitesSequentially(TestNG.java:1212)
	at org.testng.TestNG.runSuitesLocally(TestNG.java:1134)
	at org.testng.TestNG.runSuites(TestNG.java:1063)
	at org.testng.TestNG.run(TestNG.java:1031)
	at org.testng.remote.AbstractRemoteTestNG.run(AbstractRemoteTestNG.java:115)
	at org.testng.remote.RemoteTestNG.initAndRun(RemoteTestNG.java:251)
	at org.testng.remote.RemoteTestNG.main(RemoteTestNG.java:77)
</pre></div></td>
<td>5</td>
<td>com.magento.test.GearTest@c7ba306</td></tr>
</table><p>
<table width='100%' border='1' class='invocation-passed'>
<tr><td colspan='4' align='center'><b>PASSED TESTS</b></td></tr>
<tr><td><b>Test method</b></td>
<td width="30%"><b>Exception</b></td>
<td width="10%"><b>Time (seconds)</b></td>
<td><b>Instance</b></td>
</tr>
<tr>
<td title='com.magento.test.SaleTest.BagsLinkTest()'><b>BagsLinkTest</b><br>Test class: com.magento.test.SaleTest<br>Test method: Verify Bags Link on Sale Page</td>
<td></td>
<td>3</td>
<td>com.magento.test.SaleTest@7a362b6b</td></tr>
<tr>
<td title='com.magento.test.SearchTest.invalidSearchTest()'><b>invalidSearchTest</b><br>Test class: com.magento.test.SearchTest<br>Test method: Verify Search functionality for Invalid Search<br>Parameters: Jaccket</td>
<td></td>
<td>1</td>
<td>com.magento.test.SearchTest@4ae9cfc1</td></tr>
<tr>
<td title='com.magento.test.SearchTest.validSearchTest()'><b>validSearchTest</b><br>Test class: com.magento.test.SearchTest<br>Test method: Verify Search functionality for Valid Search<br>Parameters: jacket</td>
<td></td>
<td>3</td>
<td>com.magento.test.SearchTest@4ae9cfc1</td></tr>
<tr>
<td title='com.magento.test.HomeTest.WomenButtonTest()'><b>WomenButtonTest</b><br>Test class: com.magento.test.HomeTest<br>Test method: Verify Women Button on Home Page</td>
<td></td>
<td>1</td>
<td>com.magento.test.HomeTest@2bb3058</td></tr>
<tr>
<td title='com.magento.test.SearchTest.invalidSearchTest()'><b>invalidSearchTest</b><br>Test class: com.magento.test.SearchTest<br>Test method: Verify Search functionality for Invalid Search<br>Parameters: 5yre</td>
<td></td>
<td>2</td>
<td>com.magento.test.SearchTest@4ae9cfc1</td></tr>
<tr>
<td title='com.magento.test.GearTest.FitnessEquipmentButtonTest()'><b>FitnessEquipmentButtonTest</b><br>Test class: com.magento.test.GearTest<br>Test method: Verify Fitness-Equipment Button on Gear Page</td>
<td></td>
<td>3</td>
<td>com.magento.test.GearTest@c7ba306</td></tr>
<tr>
<td title='com.magento.test.SearchTest.validSearchTest()'><b>validSearchTest</b><br>Test class: com.magento.test.SearchTest<br>Test method: Verify Search functionality for Valid Search<br>Parameters: Bag</td>
<td></td>
<td>3</td>
<td>com.magento.test.SearchTest@4ae9cfc1</td></tr>
<tr>
<td title='com.magento.test.SaleTest.FitnessEquipmentLinkTest()'><b>FitnessEquipmentLinkTest</b><br>Test class: com.magento.test.SaleTest<br>Test method: Verify Fitness-Equipment Link on Sale Page</td>
<td></td>
<td>5</td>
<td>com.magento.test.SaleTest@7a362b6b</td></tr>
<tr>
<td title='com.magento.test.GearTest.BagButtonTest()'><b>BagButtonTest</b><br>Test class: com.magento.test.GearTest<br>Test method: Verify Bag Button on Gear Page</td>
<td></td>
<td>4</td>
<td>com.magento.test.GearTest@c7ba306</td></tr>
</table><p>
</body>
</html>